Info: Generated by version: 18.0 build 219
Info: Starting: Create simulation model
Info: qsys-generate D:\Pluzhnik\quartus_projects\image_processing\data_store_fifo.ip --simulation=VERILOG --allow-mixed-language-simulation --output-directory=D:\Pluzhnik\quartus_projects\image_processing\data_store_fifo --family="Cyclone 10 GX" --part=10CX220YF780I5G
: data_store_fifo.fifo_0: Targeting device family: Cyclone 10 GX.
: data_store_fifo.fifo_0: Tab: 'DCFIFO 1' is unavailable while using Single-Clock FIFO.
: data_store_fifo.fifo_0: Tab: 'DCFIFO 2' is unavailable while using Single-Clock FIFO.
Info: data_store_fifo: "Transforming system: data_store_fifo"
Info: data_store_fifo: Running transform generation_view_transform
Info: data_store_fifo: Running transform generation_view_transform took 0.000s
Info: fifo_0: Running transform generation_view_transform
Info: fifo_0: Running transform generation_view_transform took 0.000s
Info: data_store_fifo: Running transform interconnect_transform_chooser
Info: data_store_fifo: Running transform interconnect_transform_chooser took 0.094s
Info: data_store_fifo: "Naming system components in system: data_store_fifo"
Info: data_store_fifo: "Processing generation queue"
Info: data_store_fifo: "Generating: data_store_fifo"
Info: data_store_fifo: "Generating: data_store_fifo_fifo_180_iwhtsca"
Info: data_store_fifo: Done "data_store_fifo" with 2 modules, 2 files
Info: Generating the following file(s) for MODELSIM simulator in D:/Pluzhnik/quartus_projects/image_processing/data_store_fifo/sim/ directory:
Info: 	common/modelsim_files.tcl
Info: Generating the following file(s) for RIVIERA simulator in D:/Pluzhnik/quartus_projects/image_processing/data_store_fifo/sim/ directory:
Info: 	common/riviera_files.tcl
Info: For information on how to simulate your IP, see the explanatory comments in the simulator-specific subdirectories under D:/Pluzhnik/quartus_projects/image_processing/data_store_fifo/sim/.
Info: Regenerate these scripts whenever you make any change to any Quartus-generated IP in your project.
Info: qsys-generate succeeded.
Info: Finished: Create simulation model
Info: Starting: Create block symbol file (.bsf)
Info: qsys-generate D:\Pluzhnik\quartus_projects\image_processing\data_store_fifo.ip --block-symbol-file --output-directory=D:\Pluzhnik\quartus_projects\image_processing\data_store_fifo --family="Cyclone 10 GX" --part=10CX220YF780I5G
: data_store_fifo.fifo_0: Targeting device family: Cyclone 10 GX.
: data_store_fifo.fifo_0: Tab: 'DCFIFO 1' is unavailable while using Single-Clock FIFO.
: data_store_fifo.fifo_0: Tab: 'DCFIFO 2' is unavailable while using Single-Clock FIFO.
Info: qsys-generate succeeded.
Info: Finished: Create block symbol file (.bsf)
Info: 
Info: Starting: Create HDL design files for synthesis
Info: qsys-generate D:\Pluzhnik\quartus_projects\image_processing\data_store_fifo.ip --synthesis=VERILOG --greybox --output-directory=D:\Pluzhnik\quartus_projects\image_processing\data_store_fifo --family="Cyclone 10 GX" --part=10CX220YF780I5G
: data_store_fifo.fifo_0: Targeting device family: Cyclone 10 GX.
: data_store_fifo.fifo_0: Tab: 'DCFIFO 1' is unavailable while using Single-Clock FIFO.
: data_store_fifo.fifo_0: Tab: 'DCFIFO 2' is unavailable while using Single-Clock FIFO.
Info: data_store_fifo: "Transforming system: data_store_fifo"
Info: data_store_fifo: Running transform generation_view_transform
Info: data_store_fifo: Running transform generation_view_transform took 0.000s
Info: fifo_0: Running transform generation_view_transform
Info: fifo_0: Running transform generation_view_transform took 0.000s
Info: data_store_fifo: Running transform interconnect_transform_chooser
Info: data_store_fifo: Running transform interconnect_transform_chooser took 0.096s
Info: data_store_fifo: "Naming system components in system: data_store_fifo"
Info: data_store_fifo: "Processing generation queue"
Info: data_store_fifo: "Generating: data_store_fifo"
Info: data_store_fifo: "Generating: data_store_fifo_fifo_180_iwhtsca"
Info: data_store_fifo: Done "data_store_fifo" with 2 modules, 2 files
Info: Generating third-party timing and resource estimation model ...
Info: Done generating third-party timing and resource estimation model.
Info: qsys-generate succeeded.
Info: Finished: Create HDL design files for synthesis
Info: Starting: Generate IP Core Documentation
Info: No documentation filesets were found for components in data_store_fifo. No files generated.
Info: Finished: Generate IP Core Documentation
